current directory: /home/runner/work/genomics-r-intro/genomics-r-intro/.vendor/bundle/ruby/2.7.0/gems/unf_ext-0.0.8.2/ext/unf_ext
/opt/hostedtoolcache/Ruby/2.7.6/x64/bin/ruby -I /opt/hostedtoolcache/Ruby/2.7.6/x64/lib/ruby/2.7.0 -r ./siteconf20220608-10674-nn2vdy.rb extconf.rb
checking for -lstdc++... yes
creating Makefile

current directory: /home/runner/work/genomics-r-intro/genomics-r-intro/.vendor/bundle/ruby/2.7.0/gems/unf_ext-0.0.8.2/ext/unf_ext
make "DESTDIR=" clean
make[1]: Entering directory '/home/runner/work/genomics-r-intro/genomics-r-intro/.vendor/bundle/ruby/2.7.0/gems/unf_ext-0.0.8.2/ext/unf_ext'
Makefile:175: warning: overriding recipe for target 'clean'
`ï.YU:175: warning: ignoring old recipe for target 'clean'
Makefile:182: warning: overriding recipe for target 'distclean'
`ï.YU:182: warning: ignoring old recipe for target 'distclean'
Makefile:190: warning: overriding recipe for target 'install-so'
`ï.YU:190: warning: ignoring old recipe for target 'install-so'
Makefile:200: warning: overriding recipe for target 'pre-install-rb-default'
`ï.YU:200: warning: ignoring old recipe for target 'pre-install-rb-default'
Makefile:202: warning: overriding recipe for target '.sitearchdir.time'
`ï.YU:202: warning: ignoring old recipe for target '.sitearchdir.time'
Makefile:212: warning: overriding recipe for target '.cc.o'
`ï.YU:212: warning: ignoring old recipe for target '.cc.o'
Makefile:216: warning: overriding recipe for target '.cc.S'
`ï.YU:216: warning: ignoring old recipe for target '.cc.S'
Makefile:220: warning: overriding recipe for target '.mm.o'
`ï.YU:220: warning: ignoring old recipe for target '.mm.o'
Makefile:224: warning: overriding recipe for target '.mm.S'
`ï.YU:224: warning: ignoring old recipe for target '.mm.S'
Makefile:228: warning: overriding recipe for target '.cxx.o'
`ï.YU:228: warning: ignoring old recipe for target '.cxx.o'
Makefile:232: warning: overriding recipe for target '.cxx.S'
`ï.YU:232: warning: ignoring old recipe for target '.cxx.S'
Makefile:236: warning: overriding recipe for target '.cpp.o'
`ï.YU:236: warning: ignoring old recipe for target '.cpp.o'
Makefile:240: warning: overriding recipe for target '.cpp.S'
`ï.YU:240: warning: ignoring old recipe for target '.cpp.S'
Makefile:244: warning: overriding recipe for target '.c.o'
`ï.YU:244: warning: ignoring old recipe for target '.c.o'
Makefile:248: warning: overriding recipe for target '.c.S'
`ï.YU:248: warning: ignoring old recipe for target '.c.S'
Makefile:252: warning: overriding recipe for target '.m.o'
`ï.YU:252: warning: ignoring old recipe for target '.m.o'
Makefile:256: warning: overriding recipe for target '.m.S'
`ï.YU:256: warning: ignoring old recipe for target '.m.S'
Makefile:260: warning: overriding recipe for target 'unf_ext.so'
`ï.YU:260: warning: ignoring old recipe for target 'unf_ext.so'
make[1]: Leaving directory '/home/runner/work/genomics-r-intro/genomics-r-intro/.vendor/bundle/ruby/2.7.0/gems/unf_ext-0.0.8.2/ext/unf_ext'

current directory: /home/runner/work/genomics-r-intro/genomics-r-intro/.vendor/bundle/ruby/2.7.0/gems/unf_ext-0.0.8.2/ext/unf_ext
make "DESTDIR="
make[1]: Entering directory '/home/runner/work/genomics-r-intro/genomics-r-intro/.vendor/bundle/ruby/2.7.0/gems/unf_ext-0.0.8.2/ext/unf_ext'
Makefile:175: warning: overriding recipe for target 'clean'
`¯×5ïU:175: warning: ignoring old recipe for target 'clean'
Makefile:182: warning: overriding recipe for target 'distclean'
`¯×5ïU:182: warning: ignoring old recipe for target 'distclean'
Makefile:190: warning: overriding recipe for target 'install-so'
`¯×5ïU:190: warning: ignoring old recipe for target 'install-so'
Makefile:200: warning: overriding recipe for target 'pre-install-rb-default'
`¯×5ïU:200: warning: ignoring old recipe for target 'pre-install-rb-default'
Makefile:202: warning: overriding recipe for target '.sitearchdir.time'
`¯×5ïU:202: warning: ignoring old recipe for target '.sitearchdir.time'
Makefile:212: warning: overriding recipe for target '.cc.o'
`¯×5ïU:212: warning: ignoring old recipe for target '.cc.o'
Makefile:216: warning: overriding recipe for target '.cc.S'
`¯×5ïU:216: warning: ignoring old recipe for target '.cc.S'
Makefile:220: warning: overriding recipe for target '.mm.o'
`¯×5ïU:220: warning: ignoring old recipe for target '.mm.o'
Makefile:224: warning: overriding recipe for target '.mm.S'
`¯×5ïU:224: warning: ignoring old recipe for target '.mm.S'
Makefile:228: warning: overriding recipe for target '.cxx.o'
`¯×5ïU:228: warning: ignoring old recipe for target '.cxx.o'
Makefile:232: warning: overriding recipe for target '.cxx.S'
`¯×5ïU:232: warning: ignoring old recipe for target '.cxx.S'
Makefile:236: warning: overriding recipe for target '.cpp.o'
`¯×5ïU:236: warning: ignoring old recipe for target '.cpp.o'
Makefile:240: warning: overriding recipe for target '.cpp.S'
`¯×5ïU:240: warning: ignoring old recipe for target '.cpp.S'
Makefile:244: warning: overriding recipe for target '.c.o'
`¯×5ïU:244: warning: ignoring old recipe for target '.c.o'
Makefile:248: warning: overriding recipe for target '.c.S'
`¯×5ïU:248: warning: ignoring old recipe for target '.c.S'
Makefile:252: warning: overriding recipe for target '.m.o'
`¯×5ïU:252: warning: ignoring old recipe for target '.m.o'
Makefile:256: warning: overriding recipe for target '.m.S'
`¯×5ïU:256: warning: ignoring old recipe for target '.m.S'
Makefile:260: warning: overriding recipe for target 'unf_ext.so'
`¯×5ïU:260: warning: ignoring old recipe for target 'unf_ext.so'
compiling unf.cc
linking shared-object unf_ext.so
make[1]: Leaving directory '/home/runner/work/genomics-r-intro/genomics-r-intro/.vendor/bundle/ruby/2.7.0/gems/unf_ext-0.0.8.2/ext/unf_ext'

current directory: /home/runner/work/genomics-r-intro/genomics-r-intro/.vendor/bundle/ruby/2.7.0/gems/unf_ext-0.0.8.2/ext/unf_ext
make "DESTDIR=" install
make[1]: Entering directory '/home/runner/work/genomics-r-intro/genomics-r-intro/.vendor/bundle/ruby/2.7.0/gems/unf_ext-0.0.8.2/ext/unf_ext'
Makefile:175: warning: overriding recipe for target 'clean'
`ÿÚ‰U:175: warning: ignoring old recipe for target 'clean'
Makefile:182: warning: overriding recipe for target 'distclean'
`ÿÚ‰U:182: warning: ignoring old recipe for target 'distclean'
Makefile:190: warning: overriding recipe for target 'install-so'
`ÿÚ‰U:190: warning: ignoring old recipe for target 'install-so'
Makefile:200: warning: overriding recipe for target 'pre-install-rb-default'
`ÿÚ‰U:200: warning: ignoring old recipe for target 'pre-install-rb-default'
Makefile:202: warning: overriding recipe for target '.sitearchdir.time'
`ÿÚ‰U:202: warning: ignoring old recipe for target '.sitearchdir.time'
Makefile:212: warning: overriding recipe for target '.cc.o'
`ÿÚ‰U:212: warning: ignoring old recipe for target '.cc.o'
Makefile:216: warning: overriding recipe for target '.cc.S'
`ÿÚ‰U:216: warning: ignoring old recipe for target '.cc.S'
Makefile:220: warning: overriding recipe for target '.mm.o'
`ÿÚ‰U:220: warning: ignoring old recipe for target '.mm.o'
Makefile:224: warning: overriding recipe for target '.mm.S'
`ÿÚ‰U:224: warning: ignoring old recipe for target '.mm.S'
Makefile:228: warning: overriding recipe for target '.cxx.o'
`ÿÚ‰U:228: warning: ignoring old recipe for target '.cxx.o'
Makefile:232: warning: overriding recipe for target '.cxx.S'
`ÿÚ‰U:232: warning: ignoring old recipe for target '.cxx.S'
Makefile:236: warning: overriding recipe for target '.cpp.o'
`ÿÚ‰U:236: warning: ignoring old recipe for target '.cpp.o'
Makefile:240: warning: overriding recipe for target '.cpp.S'
`ÿÚ‰U:240: warning: ignoring old recipe for target '.cpp.S'
Makefile:244: warning: overriding recipe for target '.c.o'
`ÿÚ‰U:244: warning: ignoring old recipe for target '.c.o'
Makefile:248: warning: overriding recipe for target '.c.S'
`ÿÚ‰U:248: warning: ignoring old recipe for target '.c.S'
Makefile:252: warning: overriding recipe for target '.m.o'
`ÿÚ‰U:252: warning: ignoring old recipe for target '.m.o'
Makefile:256: warning: overriding recipe for target '.m.S'
`ÿÚ‰U:256: warning: ignoring old recipe for target '.m.S'
Makefile:260: warning: overriding recipe for target 'unf_ext.so'
`ÿÚ‰U:260: warning: ignoring old recipe for target 'unf_ext.so'
/usr/bin/install -c -m 0755 unf_ext.so ./.gem.20220608-10674-1ad2d9o
make[1]: Leaving directory '/home/runner/work/genomics-r-intro/genomics-r-intro/.vendor/bundle/ruby/2.7.0/gems/unf_ext-0.0.8.2/ext/unf_ext'
