current directory: /home/runner/work/genomics-r-intro/genomics-r-intro/.vendor/bundle/ruby/2.7.0/gems/unf_ext-0.0.8/ext/unf_ext
/opt/hostedtoolcache/Ruby/2.7.5/x64/bin/ruby -I /opt/hostedtoolcache/Ruby/2.7.5/x64/lib/ruby/2.7.0 -r ./siteconf20211208-10612-1fy7qqi.rb extconf.rb
checking for -lstdc++... yes
creating Makefile

current directory: /home/runner/work/genomics-r-intro/genomics-r-intro/.vendor/bundle/ruby/2.7.0/gems/unf_ext-0.0.8/ext/unf_ext
make "DESTDIR=" clean
make[1]: Entering directory '/home/runner/work/genomics-r-intro/genomics-r-intro/.vendor/bundle/ruby/2.7.0/gems/unf_ext-0.0.8/ext/unf_ext'
Makefile:175: warning: overriding recipe for target 'clean'
P~ûmœU:175: warning: ignoring old recipe for target 'clean'
Makefile:182: warning: overriding recipe for target 'distclean'
P~ûmœU:182: warning: ignoring old recipe for target 'distclean'
Makefile:190: warning: overriding recipe for target 'install-so'
P~ûmœU:190: warning: ignoring old recipe for target 'install-so'
Makefile:200: warning: overriding recipe for target 'pre-install-rb-default'
P~ûmœU:200: warning: ignoring old recipe for target 'pre-install-rb-default'
Makefile:202: warning: overriding recipe for target '.sitearchdir.time'
P~ûmœU:202: warning: ignoring old recipe for target '.sitearchdir.time'
Makefile:212: warning: overriding recipe for target '.cc.o'
P~ûmœU:212: warning: ignoring old recipe for target '.cc.o'
Makefile:216: warning: overriding recipe for target '.cc.S'
P~ûmœU:216: warning: ignoring old recipe for target '.cc.S'
Makefile:220: warning: overriding recipe for target '.mm.o'
P~ûmœU:220: warning: ignoring old recipe for target '.mm.o'
Makefile:224: warning: overriding recipe for target '.mm.S'
P~ûmœU:224: warning: ignoring old recipe for target '.mm.S'
Makefile:228: warning: overriding recipe for target '.cxx.o'
P~ûmœU:228: warning: ignoring old recipe for target '.cxx.o'
Makefile:232: warning: overriding recipe for target '.cxx.S'
P~ûmœU:232: warning: ignoring old recipe for target '.cxx.S'
Makefile:236: warning: overriding recipe for target '.cpp.o'
P~ûmœU:236: warning: ignoring old recipe for target '.cpp.o'
Makefile:240: warning: overriding recipe for target '.cpp.S'
P~ûmœU:240: warning: ignoring old recipe for target '.cpp.S'
Makefile:244: warning: overriding recipe for target '.c.o'
P~ûmœU:244: warning: ignoring old recipe for target '.c.o'
Makefile:248: warning: overriding recipe for target '.c.S'
P~ûmœU:248: warning: ignoring old recipe for target '.c.S'
Makefile:252: warning: overriding recipe for target '.m.o'
P~ûmœU:252: warning: ignoring old recipe for target '.m.o'
Makefile:256: warning: overriding recipe for target '.m.S'
P~ûmœU:256: warning: ignoring old recipe for target '.m.S'
Makefile:260: warning: overriding recipe for target 'unf_ext.so'
P~ûmœU:260: warning: ignoring old recipe for target 'unf_ext.so'
make[1]: Leaving directory '/home/runner/work/genomics-r-intro/genomics-r-intro/.vendor/bundle/ruby/2.7.0/gems/unf_ext-0.0.8/ext/unf_ext'

current directory: /home/runner/work/genomics-r-intro/genomics-r-intro/.vendor/bundle/ruby/2.7.0/gems/unf_ext-0.0.8/ext/unf_ext
make "DESTDIR="
make[1]: Entering directory '/home/runner/work/genomics-r-intro/genomics-r-intro/.vendor/bundle/ruby/2.7.0/gems/unf_ext-0.0.8/ext/unf_ext'
Makefile:175: warning: overriding recipe for target 'clean'
P®[¡CV:175: warning: ignoring old recipe for target 'clean'
Makefile:182: warning: overriding recipe for target 'distclean'
P®[¡CV:182: warning: ignoring old recipe for target 'distclean'
Makefile:190: warning: overriding recipe for target 'install-so'
P®[¡CV:190: warning: ignoring old recipe for target 'install-so'
Makefile:200: warning: overriding recipe for target 'pre-install-rb-default'
P®[¡CV:200: warning: ignoring old recipe for target 'pre-install-rb-default'
Makefile:202: warning: overriding recipe for target '.sitearchdir.time'
P®[¡CV:202: warning: ignoring old recipe for target '.sitearchdir.time'
Makefile:212: warning: overriding recipe for target '.cc.o'
P®[¡CV:212: warning: ignoring old recipe for target '.cc.o'
Makefile:216: warning: overriding recipe for target '.cc.S'
P®[¡CV:216: warning: ignoring old recipe for target '.cc.S'
Makefile:220: warning: overriding recipe for target '.mm.o'
P®[¡CV:220: warning: ignoring old recipe for target '.mm.o'
Makefile:224: warning: overriding recipe for target '.mm.S'
P®[¡CV:224: warning: ignoring old recipe for target '.mm.S'
Makefile:228: warning: overriding recipe for target '.cxx.o'
P®[¡CV:228: warning: ignoring old recipe for target '.cxx.o'
Makefile:232: warning: overriding recipe for target '.cxx.S'
P®[¡CV:232: warning: ignoring old recipe for target '.cxx.S'
Makefile:236: warning: overriding recipe for target '.cpp.o'
P®[¡CV:236: warning: ignoring old recipe for target '.cpp.o'
Makefile:240: warning: overriding recipe for target '.cpp.S'
P®[¡CV:240: warning: ignoring old recipe for target '.cpp.S'
Makefile:244: warning: overriding recipe for target '.c.o'
P®[¡CV:244: warning: ignoring old recipe for target '.c.o'
Makefile:248: warning: overriding recipe for target '.c.S'
P®[¡CV:248: warning: ignoring old recipe for target '.c.S'
Makefile:252: warning: overriding recipe for target '.m.o'
P®[¡CV:252: warning: ignoring old recipe for target '.m.o'
Makefile:256: warning: overriding recipe for target '.m.S'
P®[¡CV:256: warning: ignoring old recipe for target '.m.S'
Makefile:260: warning: overriding recipe for target 'unf_ext.so'
P®[¡CV:260: warning: ignoring old recipe for target 'unf_ext.so'
compiling unf.cc
linking shared-object unf_ext.so
make[1]: Leaving directory '/home/runner/work/genomics-r-intro/genomics-r-intro/.vendor/bundle/ruby/2.7.0/gems/unf_ext-0.0.8/ext/unf_ext'

current directory: /home/runner/work/genomics-r-intro/genomics-r-intro/.vendor/bundle/ruby/2.7.0/gems/unf_ext-0.0.8/ext/unf_ext
make "DESTDIR=" install
make[1]: Entering directory '/home/runner/work/genomics-r-intro/genomics-r-intro/.vendor/bundle/ruby/2.7.0/gems/unf_ext-0.0.8/ext/unf_ext'
Makefile:175: warning: overriding recipe for target 'clean'
PNÛtxU:175: warning: ignoring old recipe for target 'clean'
Makefile:182: warning: overriding recipe for target 'distclean'
PNÛtxU:182: warning: ignoring old recipe for target 'distclean'
Makefile:190: warning: overriding recipe for target 'install-so'
PNÛtxU:190: warning: ignoring old recipe for target 'install-so'
Makefile:200: warning: overriding recipe for target 'pre-install-rb-default'
PNÛtxU:200: warning: ignoring old recipe for target 'pre-install-rb-default'
Makefile:202: warning: overriding recipe for target '.sitearchdir.time'
PNÛtxU:202: warning: ignoring old recipe for target '.sitearchdir.time'
Makefile:212: warning: overriding recipe for target '.cc.o'
PNÛtxU:212: warning: ignoring old recipe for target '.cc.o'
Makefile:216: warning: overriding recipe for target '.cc.S'
PNÛtxU:216: warning: ignoring old recipe for target '.cc.S'
Makefile:220: warning: overriding recipe for target '.mm.o'
PNÛtxU:220: warning: ignoring old recipe for target '.mm.o'
Makefile:224: warning: overriding recipe for target '.mm.S'
PNÛtxU:224: warning: ignoring old recipe for target '.mm.S'
Makefile:228: warning: overriding recipe for target '.cxx.o'
PNÛtxU:228: warning: ignoring old recipe for target '.cxx.o'
Makefile:232: warning: overriding recipe for target '.cxx.S'
PNÛtxU:232: warning: ignoring old recipe for target '.cxx.S'
Makefile:236: warning: overriding recipe for target '.cpp.o'
PNÛtxU:236: warning: ignoring old recipe for target '.cpp.o'
Makefile:240: warning: overriding recipe for target '.cpp.S'
PNÛtxU:240: warning: ignoring old recipe for target '.cpp.S'
Makefile:244: warning: overriding recipe for target '.c.o'
PNÛtxU:244: warning: ignoring old recipe for target '.c.o'
Makefile:248: warning: overriding recipe for target '.c.S'
PNÛtxU:248: warning: ignoring old recipe for target '.c.S'
Makefile:252: warning: overriding recipe for target '.m.o'
PNÛtxU:252: warning: ignoring old recipe for target '.m.o'
Makefile:256: warning: overriding recipe for target '.m.S'
PNÛtxU:256: warning: ignoring old recipe for target '.m.S'
Makefile:260: warning: overriding recipe for target 'unf_ext.so'
PNÛtxU:260: warning: ignoring old recipe for target 'unf_ext.so'
/usr/bin/install -c -m 0755 unf_ext.so ./.gem.20211208-10612-hgn4ie
make[1]: Leaving directory '/home/runner/work/genomics-r-intro/genomics-r-intro/.vendor/bundle/ruby/2.7.0/gems/unf_ext-0.0.8/ext/unf_ext'
