current directory: /home/runner/work/genomics-r-intro/genomics-r-intro/.vendor/bundle/ruby/2.7.0/gems/eventmachine-1.2.7/ext/fastfilereader
/opt/hostedtoolcache/Ruby/2.7.6/x64/bin/ruby -I /opt/hostedtoolcache/Ruby/2.7.6/x64/lib/ruby/2.7.0 -r ./siteconf20221109-5750-14x3cy6.rb extconf.rb
creating Makefile

current directory: /home/runner/work/genomics-r-intro/genomics-r-intro/.vendor/bundle/ruby/2.7.0/gems/eventmachine-1.2.7/ext/fastfilereader
make "DESTDIR=" clean
make[1]: Entering directory '/home/runner/work/genomics-r-intro/genomics-r-intro/.vendor/bundle/ruby/2.7.0/gems/eventmachine-1.2.7/ext/fastfilereader'
Makefile:175: warning: overriding recipe for target 'clean'
Är– V:175: warning: ignoring old recipe for target 'clean'
Makefile:182: warning: overriding recipe for target 'distclean'
Är– V:182: warning: ignoring old recipe for target 'distclean'
Makefile:190: warning: overriding recipe for target 'install-so'
Är– V:190: warning: ignoring old recipe for target 'install-so'
Makefile:200: warning: overriding recipe for target 'pre-install-rb-default'
Är– V:200: warning: ignoring old recipe for target 'pre-install-rb-default'
Makefile:202: warning: overriding recipe for target '.sitearchdir.time'
Är– V:202: warning: ignoring old recipe for target '.sitearchdir.time'
Makefile:212: warning: overriding recipe for target '.cc.o'
Är– V:212: warning: ignoring old recipe for target '.cc.o'
Makefile:216: warning: overriding recipe for target '.cc.S'
Är– V:216: warning: ignoring old recipe for target '.cc.S'
Makefile:220: warning: overriding recipe for target '.mm.o'
Är– V:220: warning: ignoring old recipe for target '.mm.o'
Makefile:224: warning: overriding recipe for target '.mm.S'
Är– V:224: warning: ignoring old recipe for target '.mm.S'
Makefile:228: warning: overriding recipe for target '.cxx.o'
Är– V:228: warning: ignoring old recipe for target '.cxx.o'
Makefile:232: warning: overriding recipe for target '.cxx.S'
Är– V:232: warning: ignoring old recipe for target '.cxx.S'
Makefile:236: warning: overriding recipe for target '.cpp.o'
Är– V:236: warning: ignoring old recipe for target '.cpp.o'
Makefile:240: warning: overriding recipe for target '.cpp.S'
Är– V:240: warning: ignoring old recipe for target '.cpp.S'
Makefile:244: warning: overriding recipe for target '.c.o'
Är– V:244: warning: ignoring old recipe for target '.c.o'
Makefile:248: warning: overriding recipe for target '.c.S'
Är– V:248: warning: ignoring old recipe for target '.c.S'
Makefile:252: warning: overriding recipe for target '.m.o'
Är– V:252: warning: ignoring old recipe for target '.m.o'
Makefile:256: warning: overriding recipe for target '.m.S'
Är– V:256: warning: ignoring old recipe for target '.m.S'
Makefile:260: warning: overriding recipe for target 'fastfilereaderext.so'
Är– V:260: warning: ignoring old recipe for target 'fastfilereaderext.so'
make[1]: Leaving directory '/home/runner/work/genomics-r-intro/genomics-r-intro/.vendor/bundle/ruby/2.7.0/gems/eventmachine-1.2.7/ext/fastfilereader'

current directory: /home/runner/work/genomics-r-intro/genomics-r-intro/.vendor/bundle/ruby/2.7.0/gems/eventmachine-1.2.7/ext/fastfilereader
make "DESTDIR="
make[1]: Entering directory '/home/runner/work/genomics-r-intro/genomics-r-intro/.vendor/bundle/ruby/2.7.0/gems/eventmachine-1.2.7/ext/fastfilereader'
Makefile:175: warning: overriding recipe for target 'clean'
ÄbΩó+V:175: warning: ignoring old recipe for target 'clean'
Makefile:182: warning: overriding recipe for target 'distclean'
ÄbΩó+V:182: warning: ignoring old recipe for target 'distclean'
Makefile:190: warning: overriding recipe for target 'install-so'
ÄbΩó+V:190: warning: ignoring old recipe for target 'install-so'
Makefile:200: warning: overriding recipe for target 'pre-install-rb-default'
ÄbΩó+V:200: warning: ignoring old recipe for target 'pre-install-rb-default'
Makefile:202: warning: overriding recipe for target '.sitearchdir.time'
ÄbΩó+V:202: warning: ignoring old recipe for target '.sitearchdir.time'
Makefile:212: warning: overriding recipe for target '.cc.o'
ÄbΩó+V:212: warning: ignoring old recipe for target '.cc.o'
Makefile:216: warning: overriding recipe for target '.cc.S'
ÄbΩó+V:216: warning: ignoring old recipe for target '.cc.S'
Makefile:220: warning: overriding recipe for target '.mm.o'
ÄbΩó+V:220: warning: ignoring old recipe for target '.mm.o'
Makefile:224: warning: overriding recipe for target '.mm.S'
ÄbΩó+V:224: warning: ignoring old recipe for target '.mm.S'
Makefile:228: warning: overriding recipe for target '.cxx.o'
ÄbΩó+V:228: warning: ignoring old recipe for target '.cxx.o'
Makefile:232: warning: overriding recipe for target '.cxx.S'
ÄbΩó+V:232: warning: ignoring old recipe for target '.cxx.S'
Makefile:236: warning: overriding recipe for target '.cpp.o'
ÄbΩó+V:236: warning: ignoring old recipe for target '.cpp.o'
Makefile:240: warning: overriding recipe for target '.cpp.S'
ÄbΩó+V:240: warning: ignoring old recipe for target '.cpp.S'
Makefile:244: warning: overriding recipe for target '.c.o'
ÄbΩó+V:244: warning: ignoring old recipe for target '.c.o'
Makefile:248: warning: overriding recipe for target '.c.S'
ÄbΩó+V:248: warning: ignoring old recipe for target '.c.S'
Makefile:252: warning: overriding recipe for target '.m.o'
ÄbΩó+V:252: warning: ignoring old recipe for target '.m.o'
Makefile:256: warning: overriding recipe for target '.m.S'
ÄbΩó+V:256: warning: ignoring old recipe for target '.m.S'
Makefile:260: warning: overriding recipe for target 'fastfilereaderext.so'
ÄbΩó+V:260: warning: ignoring old recipe for target 'fastfilereaderext.so'
compiling mapper.cpp
compiling rubymain.cpp
linking shared-object fastfilereaderext.so
make[1]: Leaving directory '/home/runner/work/genomics-r-intro/genomics-r-intro/.vendor/bundle/ruby/2.7.0/gems/eventmachine-1.2.7/ext/fastfilereader'

current directory: /home/runner/work/genomics-r-intro/genomics-r-intro/.vendor/bundle/ruby/2.7.0/gems/eventmachine-1.2.7/ext/fastfilereader
make "DESTDIR=" install
make[1]: Entering directory '/home/runner/work/genomics-r-intro/genomics-r-intro/.vendor/bundle/ruby/2.7.0/gems/eventmachine-1.2.7/ext/fastfilereader'
Makefile:175: warning: overriding recipe for target 'clean'
Är*‘TV:175: warning: ignoring old recipe for target 'clean'
Makefile:182: warning: overriding recipe for target 'distclean'
Är*‘TV:182: warning: ignoring old recipe for target 'distclean'
Makefile:190: warning: overriding recipe for target 'install-so'
Är*‘TV:190: warning: ignoring old recipe for target 'install-so'
Makefile:200: warning: overriding recipe for target 'pre-install-rb-default'
Är*‘TV:200: warning: ignoring old recipe for target 'pre-install-rb-default'
Makefile:202: warning: overriding recipe for target '.sitearchdir.time'
Är*‘TV:202: warning: ignoring old recipe for target '.sitearchdir.time'
Makefile:212: warning: overriding recipe for target '.cc.o'
Är*‘TV:212: warning: ignoring old recipe for target '.cc.o'
Makefile:216: warning: overriding recipe for target '.cc.S'
Är*‘TV:216: warning: ignoring old recipe for target '.cc.S'
Makefile:220: warning: overriding recipe for target '.mm.o'
Är*‘TV:220: warning: ignoring old recipe for target '.mm.o'
Makefile:224: warning: overriding recipe for target '.mm.S'
Är*‘TV:224: warning: ignoring old recipe for target '.mm.S'
Makefile:228: warning: overriding recipe for target '.cxx.o'
Är*‘TV:228: warning: ignoring old recipe for target '.cxx.o'
Makefile:232: warning: overriding recipe for target '.cxx.S'
Är*‘TV:232: warning: ignoring old recipe for target '.cxx.S'
Makefile:236: warning: overriding recipe for target '.cpp.o'
Är*‘TV:236: warning: ignoring old recipe for target '.cpp.o'
Makefile:240: warning: overriding recipe for target '.cpp.S'
Är*‘TV:240: warning: ignoring old recipe for target '.cpp.S'
Makefile:244: warning: overriding recipe for target '.c.o'
Är*‘TV:244: warning: ignoring old recipe for target '.c.o'
Makefile:248: warning: overriding recipe for target '.c.S'
Är*‘TV:248: warning: ignoring old recipe for target '.c.S'
Makefile:252: warning: overriding recipe for target '.m.o'
Är*‘TV:252: warning: ignoring old recipe for target '.m.o'
Makefile:256: warning: overriding recipe for target '.m.S'
Är*‘TV:256: warning: ignoring old recipe for target '.m.S'
Makefile:260: warning: overriding recipe for target 'fastfilereaderext.so'
Är*‘TV:260: warning: ignoring old recipe for target 'fastfilereaderext.so'
/usr/bin/install -c -m 0755 fastfilereaderext.so ./.gem.20221109-5750-1w2v1cl
make[1]: Leaving directory '/home/runner/work/genomics-r-intro/genomics-r-intro/.vendor/bundle/ruby/2.7.0/gems/eventmachine-1.2.7/ext/fastfilereader'
