current directory: /home/runner/work/genomics-r-intro/genomics-r-intro/.vendor/bundle/ruby/2.7.0/gems/http_parser.rb-0.6.0/ext/ruby_http_parser
/opt/hostedtoolcache/Ruby/2.7.4/x64/bin/ruby -I /opt/hostedtoolcache/Ruby/2.7.4/x64/lib/ruby/2.7.0 -r ./siteconf20211110-10330-zpn8lw.rb extconf.rb
creating Makefile

current directory: /home/runner/work/genomics-r-intro/genomics-r-intro/.vendor/bundle/ruby/2.7.0/gems/http_parser.rb-0.6.0/ext/ruby_http_parser
make "DESTDIR=" clean
make[1]: Entering directory '/home/runner/work/genomics-r-intro/genomics-r-intro/.vendor/bundle/ruby/2.7.0/gems/http_parser.rb-0.6.0/ext/ruby_http_parser'
Makefile:175: warning: overriding recipe for target 'clean'
€¾ƒ pU:175: warning: ignoring old recipe for target 'clean'
Makefile:182: warning: overriding recipe for target 'distclean'
€¾ƒ pU:182: warning: ignoring old recipe for target 'distclean'
Makefile:190: warning: overriding recipe for target 'install-so'
€¾ƒ pU:190: warning: ignoring old recipe for target 'install-so'
Makefile:200: warning: overriding recipe for target 'pre-install-rb-default'
€¾ƒ pU:200: warning: ignoring old recipe for target 'pre-install-rb-default'
Makefile:202: warning: overriding recipe for target '.sitearchdir.time'
€¾ƒ pU:202: warning: ignoring old recipe for target '.sitearchdir.time'
Makefile:212: warning: overriding recipe for target '.cc.o'
€¾ƒ pU:212: warning: ignoring old recipe for target '.cc.o'
Makefile:216: warning: overriding recipe for target '.cc.S'
€¾ƒ pU:216: warning: ignoring old recipe for target '.cc.S'
Makefile:220: warning: overriding recipe for target '.mm.o'
€¾ƒ pU:220: warning: ignoring old recipe for target '.mm.o'
Makefile:224: warning: overriding recipe for target '.mm.S'
€¾ƒ pU:224: warning: ignoring old recipe for target '.mm.S'
Makefile:228: warning: overriding recipe for target '.cxx.o'
€¾ƒ pU:228: warning: ignoring old recipe for target '.cxx.o'
Makefile:232: warning: overriding recipe for target '.cxx.S'
€¾ƒ pU:232: warning: ignoring old recipe for target '.cxx.S'
Makefile:236: warning: overriding recipe for target '.cpp.o'
€¾ƒ pU:236: warning: ignoring old recipe for target '.cpp.o'
Makefile:240: warning: overriding recipe for target '.cpp.S'
€¾ƒ pU:240: warning: ignoring old recipe for target '.cpp.S'
Makefile:244: warning: overriding recipe for target '.c.o'
€¾ƒ pU:244: warning: ignoring old recipe for target '.c.o'
Makefile:248: warning: overriding recipe for target '.c.S'
€¾ƒ pU:248: warning: ignoring old recipe for target '.c.S'
Makefile:252: warning: overriding recipe for target '.m.o'
€¾ƒ pU:252: warning: ignoring old recipe for target '.m.o'
Makefile:256: warning: overriding recipe for target '.m.S'
€¾ƒ pU:256: warning: ignoring old recipe for target '.m.S'
Makefile:260: warning: overriding recipe for target 'ruby_http_parser.so'
€¾ƒ pU:260: warning: ignoring old recipe for target 'ruby_http_parser.so'
make[1]: Leaving directory '/home/runner/work/genomics-r-intro/genomics-r-intro/.vendor/bundle/ruby/2.7.0/gems/http_parser.rb-0.6.0/ext/ruby_http_parser'

current directory: /home/runner/work/genomics-r-intro/genomics-r-intro/.vendor/bundle/ruby/2.7.0/gems/http_parser.rb-0.6.0/ext/ruby_http_parser
make "DESTDIR="
make[1]: Entering directory '/home/runner/work/genomics-r-intro/genomics-r-intro/.vendor/bundle/ruby/2.7.0/gems/http_parser.rb-0.6.0/ext/ruby_http_parser'
Makefile:175: warning: overriding recipe for target 'clean'
€N(£ÊU:175: warning: ignoring old recipe for target 'clean'
Makefile:182: warning: overriding recipe for target 'distclean'
€N(£ÊU:182: warning: ignoring old recipe for target 'distclean'
Makefile:190: warning: overriding recipe for target 'install-so'
€N(£ÊU:190: warning: ignoring old recipe for target 'install-so'
Makefile:200: warning: overriding recipe for target 'pre-install-rb-default'
€N(£ÊU:200: warning: ignoring old recipe for target 'pre-install-rb-default'
Makefile:202: warning: overriding recipe for target '.sitearchdir.time'
€N(£ÊU:202: warning: ignoring old recipe for target '.sitearchdir.time'
Makefile:212: warning: overriding recipe for target '.cc.o'
€N(£ÊU:212: warning: ignoring old recipe for target '.cc.o'
Makefile:216: warning: overriding recipe for target '.cc.S'
€N(£ÊU:216: warning: ignoring old recipe for target '.cc.S'
Makefile:220: warning: overriding recipe for target '.mm.o'
€N(£ÊU:220: warning: ignoring old recipe for target '.mm.o'
Makefile:224: warning: overriding recipe for target '.mm.S'
€N(£ÊU:224: warning: ignoring old recipe for target '.mm.S'
Makefile:228: warning: overriding recipe for target '.cxx.o'
€N(£ÊU:228: warning: ignoring old recipe for target '.cxx.o'
Makefile:232: warning: overriding recipe for target '.cxx.S'
€N(£ÊU:232: warning: ignoring old recipe for target '.cxx.S'
Makefile:236: warning: overriding recipe for target '.cpp.o'
€N(£ÊU:236: warning: ignoring old recipe for target '.cpp.o'
Makefile:240: warning: overriding recipe for target '.cpp.S'
€N(£ÊU:240: warning: ignoring old recipe for target '.cpp.S'
Makefile:244: warning: overriding recipe for target '.c.o'
€N(£ÊU:244: warning: ignoring old recipe for target '.c.o'
Makefile:248: warning: overriding recipe for target '.c.S'
€N(£ÊU:248: warning: ignoring old recipe for target '.c.S'
Makefile:252: warning: overriding recipe for target '.m.o'
€N(£ÊU:252: warning: ignoring old recipe for target '.m.o'
Makefile:256: warning: overriding recipe for target '.m.S'
€N(£ÊU:256: warning: ignoring old recipe for target '.m.S'
Makefile:260: warning: overriding recipe for target 'ruby_http_parser.so'
€N(£ÊU:260: warning: ignoring old recipe for target 'ruby_http_parser.so'
compiling ruby_http_parser.c
compiling ryah_http_parser.c
linking shared-object ruby_http_parser.so
make[1]: Leaving directory '/home/runner/work/genomics-r-intro/genomics-r-intro/.vendor/bundle/ruby/2.7.0/gems/http_parser.rb-0.6.0/ext/ruby_http_parser'

current directory: /home/runner/work/genomics-r-intro/genomics-r-intro/.vendor/bundle/ruby/2.7.0/gems/http_parser.rb-0.6.0/ext/ruby_http_parser
make "DESTDIR=" install
make[1]: Entering directory '/home/runner/work/genomics-r-intro/genomics-r-intro/.vendor/bundle/ruby/2.7.0/gems/http_parser.rb-0.6.0/ext/ruby_http_parser'
Makefile:175: warning: overriding recipe for target 'clean'
€nòyU:175: warning: ignoring old recipe for target 'clean'
Makefile:182: warning: overriding recipe for target 'distclean'
€nòyU:182: warning: ignoring old recipe for target 'distclean'
Makefile:190: warning: overriding recipe for target 'install-so'
€nòyU:190: warning: ignoring old recipe for target 'install-so'
Makefile:200: warning: overriding recipe for target 'pre-install-rb-default'
€nòyU:200: warning: ignoring old recipe for target 'pre-install-rb-default'
Makefile:202: warning: overriding recipe for target '.sitearchdir.time'
€nòyU:202: warning: ignoring old recipe for target '.sitearchdir.time'
Makefile:212: warning: overriding recipe for target '.cc.o'
€nòyU:212: warning: ignoring old recipe for target '.cc.o'
Makefile:216: warning: overriding recipe for target '.cc.S'
€nòyU:216: warning: ignoring old recipe for target '.cc.S'
Makefile:220: warning: overriding recipe for target '.mm.o'
€nòyU:220: warning: ignoring old recipe for target '.mm.o'
Makefile:224: warning: overriding recipe for target '.mm.S'
€nòyU:224: warning: ignoring old recipe for target '.mm.S'
Makefile:228: warning: overriding recipe for target '.cxx.o'
€nòyU:228: warning: ignoring old recipe for target '.cxx.o'
Makefile:232: warning: overriding recipe for target '.cxx.S'
€nòyU:232: warning: ignoring old recipe for target '.cxx.S'
Makefile:236: warning: overriding recipe for target '.cpp.o'
€nòyU:236: warning: ignoring old recipe for target '.cpp.o'
Makefile:240: warning: overriding recipe for target '.cpp.S'
€nòyU:240: warning: ignoring old recipe for target '.cpp.S'
Makefile:244: warning: overriding recipe for target '.c.o'
€nòyU:244: warning: ignoring old recipe for target '.c.o'
Makefile:248: warning: overriding recipe for target '.c.S'
€nòyU:248: warning: ignoring old recipe for target '.c.S'
Makefile:252: warning: overriding recipe for target '.m.o'
€nòyU:252: warning: ignoring old recipe for target '.m.o'
Makefile:256: warning: overriding recipe for target '.m.S'
€nòyU:256: warning: ignoring old recipe for target '.m.S'
Makefile:260: warning: overriding recipe for target 'ruby_http_parser.so'
€nòyU:260: warning: ignoring old recipe for target 'ruby_http_parser.so'
/usr/bin/install -c -m 0755 ruby_http_parser.so ./.gem.20211110-10330-t5psyf
make[1]: Leaving directory '/home/runner/work/genomics-r-intro/genomics-r-intro/.vendor/bundle/ruby/2.7.0/gems/http_parser.rb-0.6.0/ext/ruby_http_parser'
